<?xml version="1.0" encoding="UTF-8"?>
<testng-results skipped="0" failed="0" ignored="0" total="1" passed="1">
  <reporter-output>
  </reporter-output>
  <suite name="Suite" duration-ms="22202" started-at="2020-02-16T23:34:25 IST" finished-at="2020-02-16T23:34:47 IST">
    <groups>
    </groups>
    <test name="Test" duration-ms="22202" started-at="2020-02-16T23:34:25 IST" finished-at="2020-02-16T23:34:47 IST">
      <class name="KPGRC.SongDownload">
        <test-method status="PASS" signature="Download()[pri:0, instance:KPGRC.SongDownload@3d121db3]" name="Download" is-config="true" duration-ms="13145" started-at="2020-02-16T23:34:25 IST" finished-at="2020-02-16T23:34:38 IST">
          <reporter-output>
          </reporter-output>
        </test-method> <!-- Download -->
        <test-method status="PASS" signature="StepsToDownload()[pri:0, instance:KPGRC.SongDownload@3d121db3]" name="StepsToDownload" duration-ms="8897" started-at="2020-02-16T23:34:38 IST" finished-at="2020-02-16T23:34:47 IST">
          <reporter-output>
          </reporter-output>
        </test-method> <!-- StepsToDownload -->
        <test-method status="PASS" signature="teardown()[pri:0, instance:KPGRC.SongDownload@3d121db3]" name="teardown" is-config="true" duration-ms="73" started-at="2020-02-16T23:34:47 IST" finished-at="2020-02-16T23:34:47 IST">
          <reporter-output>
          </reporter-output>
        </test-method> <!-- teardown -->
      </class> <!-- KPGRC.SongDownload -->
    </test> <!-- Test -->
  </suite> <!-- Suite -->
</testng-results>
