<?xml version="1.0" encoding="UTF-8"?>
<testng-results skipped="0" failed="0" ignored="0" total="1" passed="1">
  <reporter-output>
  </reporter-output>
  <suite name="Default suite" duration-ms="21691" started-at="2020-02-16T23:30:29 IST" finished-at="2020-02-16T23:30:51 IST">
    <groups>
    </groups>
    <test name="Default test" duration-ms="21691" started-at="2020-02-16T23:30:29 IST" finished-at="2020-02-16T23:30:51 IST">
      <class name="KPGRC.SongDownload">
        <test-method status="PASS" signature="Download()[pri:0, instance:KPGRC.SongDownload@59e5ddf]" name="Download" is-config="true" duration-ms="12612" started-at="2020-02-16T23:30:29 IST" finished-at="2020-02-16T23:30:42 IST">
          <reporter-output>
          </reporter-output>
        </test-method> <!-- Download -->
        <test-method status="PASS" signature="StepsToDownload()[pri:0, instance:KPGRC.SongDownload@59e5ddf]" name="StepsToDownload" duration-ms="8931" started-at="2020-02-16T23:30:42 IST" finished-at="2020-02-16T23:30:51 IST">
          <reporter-output>
          </reporter-output>
        </test-method> <!-- StepsToDownload -->
        <test-method status="PASS" signature="teardown()[pri:0, instance:KPGRC.SongDownload@59e5ddf]" name="teardown" is-config="true" duration-ms="67" started-at="2020-02-16T23:30:51 IST" finished-at="2020-02-16T23:30:51 IST">
          <reporter-output>
          </reporter-output>
        </test-method> <!-- teardown -->
      </class> <!-- KPGRC.SongDownload -->
    </test> <!-- Default test -->
  </suite> <!-- Default suite -->
</testng-results>
